============================= test session starts ==============================
platform linux -- Python 3.13.11, pytest-9.0.2, pluggy-1.5.0
rootdir: /home/liubx25/Ni_Research/Projects/Casimir_Torque_of_LNO327
configfile: pyproject.toml
testpaths: tests
collected 531 items

tests/test_api_new_module_boundaries.py ...                              [  0%]
tests/test_bdg_finite_q_primitives_regression.py ..........              [  2%]
tests/test_bdg_finite_q_response.py ...................                  [  6%]
tests/test_bdg_hamiltonian_generic.py ....                               [  6%]
tests/test_bdg_normal_limit.py .....                                     [  7%]
tests/test_bdg_normal_limit_kernel_decomposition_smoke.py .              [  7%]
tests/test_bdg_paramagnetic_kernel_diagnosis.py ....                     [  8%]
tests/test_bdg_q0_conventions.py .....                                   [  9%]
tests/test_bdg_response.py .......                                       [ 10%]
tests/test_bdg_static_gauge_closure_smoke.py .                           [ 11%]
tests/test_bdg_total_kernel.py ....                                      [ 11%]
tests/test_casimir_dependency_boundaries.py ...                          [ 12%]
tests/test_casimir_local_convergence_final.py .....                      [ 13%]
tests/test_casimir_local_response_convergence.py .....                   [ 14%]
tests/test_casimir_local_response_distance_scan.py ........              [ 15%]
tests/test_casimir_local_response_integral.py .......                    [ 17%]
tests/test_casimir_local_response_smoke.py ....                          [ 17%]
tests/test_casimir_package_regression.py ........                        [ 19%]
tests/test_casimir_pipeline_atomic_writes.py ..                          [ 19%]
tests/test_collective_schur_regression.py ...                            [ 20%]
tests/test_collective_validation_regression.py ..                        [ 20%]
tests/test_collective_ward_metadata_regression.py .                      [ 20%]
tests/test_collective_ward_regression.py ...                             [ 21%]
tests/test_convergence_response_imag.py .....                            [ 22%]
tests/test_electrodynamics_conductivity_tools.py .....                   [ 23%]
tests/test_electrodynamics_conventions_regression.py ....                [ 24%]
tests/test_electrodynamics_dependency_boundaries.py ..                   [ 24%]
tests/test_electrodynamics_reflection_regression.py ...                  [ 25%]
tests/test_electrodynamics_units_regression.py ....                      [ 25%]
tests/test_finite_q_engine_dependency_boundaries.py ...                  [ 26%]
tests/test_finite_q_engine_model_driven_regression.py ..                 [ 26%]
tests/test_finite_q_engine_model_primitives_regression.py .............. [ 29%]
                                                                         [ 29%]
tests/test_finite_q_engine_primitive_dependencies.py .                   [ 29%]
tests/test_finite_q_primitives_no_concrete_model_imports.py .            [ 29%]
tests/test_finite_q_quadrature.py .....                                  [ 30%]
tests/test_finite_q_validation_diagnostics.py ........F.F.               [ 32%]
tests/test_finite_q_validation_model_adapter.py ......                   [ 34%]
tests/test_finite_q_workflow_cleanup.py .......F.FF                      [ 36%]
tests/test_gap_analysis.py ......                                        [ 37%]
tests/test_high_nk_convergence.py .....                                  [ 38%]
tests/test_kubo_bubble_formula_audit.py ...                              [ 38%]
tests/test_lno327_four_orbital_model_package.py ...                      [ 39%]
tests/test_lno327_four_orbital_peierls_no_wrong_deps.py .                [ 39%]
tests/test_lno327_four_orbital_peierls_regression.py ................... [ 43%]
.                                                                        [ 43%]
tests/test_lno327_four_orbital_spec.py ...                               [ 43%]
tests/test_lno327_four_orbital_spec_peierls.py .....                     [ 44%]
tests/test_material_response_cache.py ......                             [ 45%]
tests/test_model_observables.py ....                                     [ 46%]
tests/test_model_projection.py .....                                     [ 47%]
tests/test_model_registry.py ...                                         [ 48%]
tests/test_model_sanity_plotting.py .....                                [ 49%]
tests/test_model_specs_peierls_cache.py ....                             [ 49%]
tests/test_models_hopping_peierls_core.py .........                      [ 51%]
tests/test_n0_torque_sensitivity.py ......                               [ 52%]
tests/test_normal_fs_adaptive_integration.py .......                     [ 54%]
tests/test_normal_fs_sensitive_sampling.py .....                         [ 54%]
tests/test_normal_sampling_convergence.py .....                          [ 55%]
tests/test_normal_state_model.py ........                                [ 57%]
tests/test_normal_static_gauge_closure_smoke.py .                        [ 57%]
tests/test_numerics_grids_matsubara.py ........                          [ 59%]
tests/test_pairing.py .........                                          [ 60%]
tests/test_peierls_hamiltonian_vertices.py .....                         [ 61%]
tests/test_peierls_model_layer_no_wrong_deps.py .                        [ 61%]
tests/test_physical_response_candidate.py ...                            [ 62%]
tests/test_refine_casimir_local_convergence_blockers.py .........        [ 64%]
tests/test_response_boundaries.py ........                               [ 65%]
tests/test_response_casimir.py ...........                               [ 67%]
tests/test_response_config.py ..                                         [ 68%]
tests/test_response_core_bubble.py ...                                   [ 68%]
tests/test_response_core_kinematics.py ...                               [ 69%]
tests/test_response_core_nambu.py ......                                 [ 70%]
tests/test_response_core_no_concrete_model_imports.py .                  [ 70%]
tests/test_response_core_occupations.py .....                            [ 71%]
tests/test_response_core_spectrum.py ...                                 [ 72%]
tests/test_response_finite_q_bdg_assembly.py .................           [ 75%]
tests/test_response_finite_q_primitives_regression.py .........          [ 77%]
tests/test_response_interface.py .......                                 [ 78%]
tests/test_response_local_bdg_regression.py ...                          [ 78%]
tests/test_response_local_interface_regression.py .......                [ 80%]
tests/test_response_local_normal_regression.py ...                       [ 80%]
tests/test_response_migration_no_concrete_model_imports.py .             [ 80%]
tests/test_response_nonlocal_bdg_no_concrete_model_imports.py .          [ 81%]
tests/test_response_nonlocal_bdg_regression.py ...........               [ 83%]
tests/test_response_nonlocal_normal_no_concrete_model_imports.py .       [ 83%]
tests/test_response_nonlocal_normal_regression.py ......                 [ 84%]
tests/test_response_normal_density_current_regression.py ............    [ 86%]
tests/test_response_static_policy_regression.py ......                   [ 87%]
tests/test_response_two_sided_bubble.py ...                              [ 88%]
tests/test_response_validation.py .......                                [ 89%]
tests/test_response_workspace_finite_q_bdg.py .....                      [ 90%]
tests/test_response_workspace_local_bdg.py .                             [ 90%]
tests/test_response_workspace_local_normal.py ..                         [ 91%]
tests/test_response_workspace_nonlocal.py .                              [ 91%]
tests/test_response_workspace_normal_density_current.py ..               [ 91%]
tests/test_root_package_thinning.py ...                                  [ 92%]
tests/test_static_policy_comparison.py ......                            [ 93%]
tests/test_static_response.py .                                          [ 93%]
tests/test_superconducting_response_imag.py .....                        [ 94%]
tests/test_symmetry_bdg_2band_model.py .........                         [ 96%]
tests/test_symmetry_bdg_2band_peierls.py ...........                     [ 98%]
tests/test_symmetry_bdg_2band_spec.py ....                               [ 99%]
tests/test_validation_workspace_smoke.py ..                              [ 99%]
tests/test_ward_dependency_boundaries.py ..                              [100%]

=================================== FAILURES ===================================
_________________ test_new_diagnostic_names_use_physics_labels _________________

    def test_new_diagnostic_names_use_physics_labels():
        forbidden_label = "stage" + "_"
        paths = [*NEW_DIAGNOSTIC_FILES, Path(__file__)]
        for path in paths:
            assert forbidden_label not in path.name
>           text = path.read_text(encoding="utf-8")
                   ^^^^^^^^^^^^^^^^^^^^^^^^^^^^^^^^

tests/test_finite_q_validation_diagnostics.py:223: 
_ _ _ _ _ _ _ _ _ _ _ _ _ _ _ _ _ _ _ _ _ _ _ _ _ _ _ _ _ _ _ _ _ _ _ _ _ _ _ _ 
../../../miniconda3/lib/python3.13/pathlib/_local.py:546: in read_text
    return PathBase.read_text(self, encoding, errors, newline)
           ^^^^^^^^^^^^^^^^^^^^^^^^^^^^^^^^^^^^^^^^^^^^^^^^^^^
../../../miniconda3/lib/python3.13/pathlib/_abc.py:632: in read_text
    with self.open(mode='r', encoding=encoding, errors=errors, newline=newline) as f:
         ^^^^^^^^^^^^^^^^^^^^^^^^^^^^^^^^^^^^^^^^^^^^^^^^^^^^^^^^^^^^^^^^^^^^^^
_ _ _ _ _ _ _ _ _ _ _ _ _ _ _ _ _ _ _ _ _ _ _ _ _ _ _ _ _ _ _ _ _ _ _ _ _ _ _ _ 

self = PosixPath('/home/liubx25/Ni_Research/Projects/Casimir_Torque_of_LNO327/validation/outputs/bdg_finite_q/README.md')
mode = 'r', buffering = -1, encoding = 'utf-8', errors = None, newline = None

    def open(self, mode='r', buffering=-1, encoding=None,
             errors=None, newline=None):
        """
        Open the file pointed to by this path and return a file object, as
        the built-in open() function does.
        """
        if "b" not in mode:
            encoding = io.text_encoding(encoding)
>       return io.open(self, mode, buffering, encoding, errors, newline)
               ^^^^^^^^^^^^^^^^^^^^^^^^^^^^^^^^^^^^^^^^^^^^^^^^^^^^^^^^^
E       FileNotFoundError: [Errno 2] No such file or directory: '/home/liubx25/Ni_Research/Projects/Casimir_Torque_of_LNO327/validation/outputs/bdg_finite_q/README.md'

../../../miniconda3/lib/python3.13/pathlib/_local.py:537: FileNotFoundError
________ test_bdg_finite_q_command_references_existing_current_scripts _________

    def test_bdg_finite_q_command_references_existing_current_scripts():
        command_path = ROOT / "validation" / "outputs" / "bdg_finite_q" / "command.sh"
>       text = command_path.read_text(encoding="utf-8")
               ^^^^^^^^^^^^^^^^^^^^^^^^^^^^^^^^^^^^^^^^

tests/test_finite_q_validation_diagnostics.py:233: 
_ _ _ _ _ _ _ _ _ _ _ _ _ _ _ _ _ _ _ _ _ _ _ _ _ _ _ _ _ _ _ _ _ _ _ _ _ _ _ _ 
../../../miniconda3/lib/python3.13/pathlib/_local.py:546: in read_text
    return PathBase.read_text(self, encoding, errors, newline)
           ^^^^^^^^^^^^^^^^^^^^^^^^^^^^^^^^^^^^^^^^^^^^^^^^^^^
../../../miniconda3/lib/python3.13/pathlib/_abc.py:632: in read_text
    with self.open(mode='r', encoding=encoding, errors=errors, newline=newline) as f:
         ^^^^^^^^^^^^^^^^^^^^^^^^^^^^^^^^^^^^^^^^^^^^^^^^^^^^^^^^^^^^^^^^^^^^^^
_ _ _ _ _ _ _ _ _ _ _ _ _ _ _ _ _ _ _ _ _ _ _ _ _ _ _ _ _ _ _ _ _ _ _ _ _ _ _ _ 

self = PosixPath('/home/liubx25/Ni_Research/Projects/Casimir_Torque_of_LNO327/validation/outputs/bdg_finite_q/command.sh')
mode = 'r', buffering = -1, encoding = 'utf-8', errors = None, newline = None

    def open(self, mode='r', buffering=-1, encoding=None,
             errors=None, newline=None):
        """
        Open the file pointed to by this path and return a file object, as
        the built-in open() function does.
        """
        if "b" not in mode:
            encoding = io.text_encoding(encoding)
>       return io.open(self, mode, buffering, encoding, errors, newline)
               ^^^^^^^^^^^^^^^^^^^^^^^^^^^^^^^^^^^^^^^^^^^^^^^^^^^^^^^^^
E       FileNotFoundError: [Errno 2] No such file or directory: '/home/liubx25/Ni_Research/Projects/Casimir_Torque_of_LNO327/validation/outputs/bdg_finite_q/command.sh'

../../../miniconda3/lib/python3.13/pathlib/_local.py:537: FileNotFoundError
_____________ test_current_bdg_finite_q_status_is_diagnostic_only ______________

    def test_current_bdg_finite_q_status_is_diagnostic_only():
        status_path = ROOT / "validation" / "outputs" / "bdg_finite_q" / "bdg_finite_q_validation_status.json"
>       assert status_path.exists()
E       AssertionError: assert False
E        +  where False = exists()
E        +    where exists = PosixPath('/home/liubx25/Ni_Research/Projects/Casimir_Torque_of_LNO327/validation/outputs/bdg_finite_q/bdg_finite_q_validation_status.json').exists

tests/test_finite_q_workflow_cleanup.py:81: AssertionError
_______ test_bdg_finite_q_command_targets_existing_current_scripts_only ________

    def test_bdg_finite_q_command_targets_existing_current_scripts_only():
        command_path = ROOT / "validation" / "outputs" / "bdg_finite_q" / "command.sh"
>       text = command_path.read_text(encoding="utf-8")
               ^^^^^^^^^^^^^^^^^^^^^^^^^^^^^^^^^^^^^^^^

tests/test_finite_q_workflow_cleanup.py:100: 
_ _ _ _ _ _ _ _ _ _ _ _ _ _ _ _ _ _ _ _ _ _ _ _ _ _ _ _ _ _ _ _ _ _ _ _ _ _ _ _ 
../../../miniconda3/lib/python3.13/pathlib/_local.py:546: in read_text
    return PathBase.read_text(self, encoding, errors, newline)
           ^^^^^^^^^^^^^^^^^^^^^^^^^^^^^^^^^^^^^^^^^^^^^^^^^^^
../../../miniconda3/lib/python3.13/pathlib/_abc.py:632: in read_text
    with self.open(mode='r', encoding=encoding, errors=errors, newline=newline) as f:
         ^^^^^^^^^^^^^^^^^^^^^^^^^^^^^^^^^^^^^^^^^^^^^^^^^^^^^^^^^^^^^^^^^^^^^^
_ _ _ _ _ _ _ _ _ _ _ _ _ _ _ _ _ _ _ _ _ _ _ _ _ _ _ _ _ _ _ _ _ _ _ _ _ _ _ _ 

self = PosixPath('/home/liubx25/Ni_Research/Projects/Casimir_Torque_of_LNO327/validation/outputs/bdg_finite_q/command.sh')
mode = 'r', buffering = -1, encoding = 'utf-8', errors = None, newline = None

    def open(self, mode='r', buffering=-1, encoding=None,
             errors=None, newline=None):
        """
        Open the file pointed to by this path and return a file object, as
        the built-in open() function does.
        """
        if "b" not in mode:
            encoding = io.text_encoding(encoding)
>       return io.open(self, mode, buffering, encoding, errors, newline)
               ^^^^^^^^^^^^^^^^^^^^^^^^^^^^^^^^^^^^^^^^^^^^^^^^^^^^^^^^^
E       FileNotFoundError: [Errno 2] No such file or directory: '/home/liubx25/Ni_Research/Projects/Casimir_Torque_of_LNO327/validation/outputs/bdg_finite_q/command.sh'

../../../miniconda3/lib/python3.13/pathlib/_local.py:537: FileNotFoundError
______ test_readmes_and_commands_do_not_advertise_deleted_current_entries ______

    def test_readmes_and_commands_do_not_advertise_deleted_current_entries():
        historical_prefix = "stage" + "SC_"
        compat_path = "validation/scripts" + "/compat"
        material_module = "material" + "_casimir_figures"
    
        docs = [
            ROOT / "validation" / "README.md",
            ROOT / "scripts" / "README.md",
            ROOT / "docs" / "finite_q_diagnostic_pipeline.md",
            ROOT / "docs" / "bdg_finite_q_validation_plan.md",
            ROOT / "validation" / "outputs" / "bdg_finite_q" / "README.md",
            ROOT / "validation" / "outputs" / "bdg_finite_q" / "command.sh",
        ]
        for path in docs:
>           text = path.read_text(encoding="utf-8")
                   ^^^^^^^^^^^^^^^^^^^^^^^^^^^^^^^^

tests/test_finite_q_workflow_cleanup.py:131: 
_ _ _ _ _ _ _ _ _ _ _ _ _ _ _ _ _ _ _ _ _ _ _ _ _ _ _ _ _ _ _ _ _ _ _ _ _ _ _ _ 
../../../miniconda3/lib/python3.13/pathlib/_local.py:546: in read_text
    return PathBase.read_text(self, encoding, errors, newline)
           ^^^^^^^^^^^^^^^^^^^^^^^^^^^^^^^^^^^^^^^^^^^^^^^^^^^
../../../miniconda3/lib/python3.13/pathlib/_abc.py:632: in read_text
    with self.open(mode='r', encoding=encoding, errors=errors, newline=newline) as f:
         ^^^^^^^^^^^^^^^^^^^^^^^^^^^^^^^^^^^^^^^^^^^^^^^^^^^^^^^^^^^^^^^^^^^^^^
_ _ _ _ _ _ _ _ _ _ _ _ _ _ _ _ _ _ _ _ _ _ _ _ _ _ _ _ _ _ _ _ _ _ _ _ _ _ _ _ 

self = PosixPath('/home/liubx25/Ni_Research/Projects/Casimir_Torque_of_LNO327/validation/outputs/bdg_finite_q/README.md')
mode = 'r', buffering = -1, encoding = 'utf-8', errors = None, newline = None

    def open(self, mode='r', buffering=-1, encoding=None,
             errors=None, newline=None):
        """
        Open the file pointed to by this path and return a file object, as
        the built-in open() function does.
        """
        if "b" not in mode:
            encoding = io.text_encoding(encoding)
>       return io.open(self, mode, buffering, encoding, errors, newline)
               ^^^^^^^^^^^^^^^^^^^^^^^^^^^^^^^^^^^^^^^^^^^^^^^^^^^^^^^^^
E       FileNotFoundError: [Errno 2] No such file or directory: '/home/liubx25/Ni_Research/Projects/Casimir_Torque_of_LNO327/validation/outputs/bdg_finite_q/README.md'

../../../miniconda3/lib/python3.13/pathlib/_local.py:537: FileNotFoundError
=============================== warnings summary ===============================
tests/test_bdg_finite_q_response.py::test_q0_finite_q_engine_reuses_shared_bdg_eigenbasis_and_matches_local_raw_kernel
tests/test_finite_q_engine_model_driven_regression.py::test_public_ansatz_adapter_matches_model_driven_core_for_collective_modes
tests/test_finite_q_engine_model_primitives_regression.py::test_public_ansatz_adapter_matches_model_driven_core
tests/test_finite_q_validation_diagnostics.py::test_q0_alignment_diagnostics_run_for_all_cases_and_are_finite
tests/test_finite_q_validation_diagnostics.py::test_q0_alignment_reports_transformed_comparison_rows
tests/test_finite_q_validation_diagnostics.py::test_finite_q_ward_scan_runs_for_three_pairings_and_is_not_casimir_ready
  /home/liubx25/Ni_Research/Projects/Casimir_Torque_of_LNO327/src/lno327/workflows/finite_q_engine.py:157: RuntimeWarning: Global phase correction skipped because |K_theta_theta|=3.672e-35 is below threshold 1.000e-06.
    return finite_q_bdg_response_from_model_ansatz(

tests/test_bdg_finite_q_response.py::test_near_zero_q_uses_shared_basis_but_ordinary_finite_q_does_not
tests/test_bdg_q0_conventions.py::test_q0_helper_decomposes_local_k_para_and_reports_expected_statuses
tests/test_bdg_q0_conventions.py::test_dwave_raw_vs_total_mismatch_is_visible_but_explained_by_intraband
tests/test_finite_q_validation_diagnostics.py::test_dwave_q0_alignment_uses_intraband_aware_raw_bubble_status
  /home/liubx25/Ni_Research/Projects/Casimir_Torque_of_LNO327/src/lno327/workflows/finite_q_engine.py:157: RuntimeWarning: Global phase correction skipped because |K_theta_theta|=9.658e-08 is below threshold 1.000e-06.
    return finite_q_bdg_response_from_model_ansatz(

tests/test_bdg_finite_q_response.py::test_finite_q_diagnostic_report_defaults_and_gating_for_all_ansatz_names
  /home/liubx25/Ni_Research/Projects/Casimir_Torque_of_LNO327/src/lno327/response/finite_q_bdg.py:1005: RuntimeWarning: Global phase correction skipped because |K_theta_theta|=4.842e-07 is below threshold 1.000e-06.
    return _assemble_finite_q_components_from_workspace(workspace, eval_config)

tests/test_bdg_finite_q_response.py::test_finite_q_diagnostic_report_defaults_and_gating_for_all_ansatz_names
tests/test_finite_q_validation_diagnostics.py::test_q0_alignment_diagnostics_run_for_all_cases_and_are_finite
tests/test_finite_q_validation_diagnostics.py::test_q0_alignment_reports_transformed_comparison_rows
tests/test_finite_q_validation_diagnostics.py::test_default_finite_q_ward_scan_uses_two_band_workspace_model
  /home/liubx25/Ni_Research/Projects/Casimir_Torque_of_LNO327/src/lno327/response/finite_q_bdg.py:1005: RuntimeWarning: Global phase correction skipped because |K_theta_theta|=0.000e+00 is below threshold 1.000e-06.
    return _assemble_finite_q_components_from_workspace(workspace, eval_config)

tests/test_bdg_finite_q_response.py::test_delta0_zero_uses_true_bdg_by_default_not_normal_backend_shortcut
  /home/liubx25/Ni_Research/Projects/Casimir_Torque_of_LNO327/src/lno327/workflows/finite_q_engine.py:157: RuntimeWarning: Global phase correction skipped because |K_theta_theta|=0.000e+00 is below threshold 1.000e-06.
    return finite_q_bdg_response_from_model_ansatz(

tests/test_finite_q_engine_model_driven_regression.py::test_public_ansatz_adapter_matches_model_driven_core_for_collective_modes
  /home/liubx25/Ni_Research/Projects/Casimir_Torque_of_LNO327/tests/test_finite_q_engine_model_driven_regression.py:35: RuntimeWarning: Global phase correction skipped because |K_theta_theta|=3.672e-35 is below threshold 1.000e-06.
    core = finite_q_bdg_response_from_model_ansatz(

tests/test_finite_q_engine_model_primitives_regression.py::test_public_ansatz_adapter_matches_model_driven_core
  /home/liubx25/Ni_Research/Projects/Casimir_Torque_of_LNO327/tests/test_finite_q_engine_model_primitives_regression.py:115: RuntimeWarning: Global phase correction skipped because |K_theta_theta|=3.672e-35 is below threshold 1.000e-06.
    core = finite_q_bdg_response_from_model_ansatz(

tests/test_finite_q_validation_diagnostics.py::test_finite_q_ward_scan_runs_for_three_pairings_and_is_not_casimir_ready
  /home/liubx25/Ni_Research/Projects/Casimir_Torque_of_LNO327/src/lno327/response/finite_q_bdg.py:1005: RuntimeWarning: Global phase correction skipped because |K_theta_theta|=3.672e-35 is below threshold 1.000e-06.
    return _assemble_finite_q_components_from_workspace(workspace, eval_config)

tests/test_finite_q_validation_diagnostics.py::test_default_finite_q_ward_scan_uses_two_band_workspace_model
  /home/liubx25/Ni_Research/Projects/Casimir_Torque_of_LNO327/src/lno327/response/finite_q_bdg.py:1005: RuntimeWarning: Global phase correction skipped because |K_theta_theta|=4.296e-07 is below threshold 1.000e-06.
    return _assemble_finite_q_components_from_workspace(workspace, eval_config)

tests/test_finite_q_validation_diagnostics.py::test_default_finite_q_ward_scan_uses_two_band_workspace_model
  /home/liubx25/Ni_Research/Projects/Casimir_Torque_of_LNO327/src/lno327/response/finite_q_bdg.py:1005: RuntimeWarning: Global phase correction skipped because |K_theta_theta|=4.432e-07 is below threshold 1.000e-06.
    return _assemble_finite_q_components_from_workspace(workspace, eval_config)

tests/test_finite_q_validation_diagnostics.py::test_default_finite_q_ward_scan_uses_two_band_workspace_model
  /home/liubx25/Ni_Research/Projects/Casimir_Torque_of_LNO327/src/lno327/response/finite_q_bdg.py:1005: RuntimeWarning: Global phase correction skipped because |K_theta_theta|=1.351e-40 is below threshold 1.000e-06.
    return _assemble_finite_q_components_from_workspace(workspace, eval_config)

tests/test_validation_workspace_smoke.py::test_validation_can_reuse_finite_q_bdg_workspace_without_outputs
  /home/liubx25/Ni_Research/Projects/Casimir_Torque_of_LNO327/src/lno327/response/finite_q_bdg.py:1005: RuntimeWarning: Global phase correction skipped because |K_theta_theta|=2.764e-06 is below threshold 1.000e-02.
    return _assemble_finite_q_components_from_workspace(workspace, eval_config)

tests/test_validation_workspace_smoke.py::test_validation_can_reuse_finite_q_bdg_workspace_without_outputs
  /home/liubx25/Ni_Research/Projects/Casimir_Torque_of_LNO327/src/lno327/response/finite_q_bdg.py:1005: RuntimeWarning: Global phase correction skipped because |K_theta_theta|=1.640e-05 is below threshold 1.000e-02.
    return _assemble_finite_q_components_from_workspace(workspace, eval_config)

-- Docs: https://docs.pytest.org/en/stable/how-to/capture-warnings.html
=========================== short test summary info ============================
FAILED tests/test_finite_q_validation_diagnostics.py::test_new_diagnostic_names_use_physics_labels
FAILED tests/test_finite_q_validation_diagnostics.py::test_bdg_finite_q_command_references_existing_current_scripts
FAILED tests/test_finite_q_workflow_cleanup.py::test_current_bdg_finite_q_status_is_diagnostic_only
FAILED tests/test_finite_q_workflow_cleanup.py::test_bdg_finite_q_command_targets_existing_current_scripts_only
FAILED tests/test_finite_q_workflow_cleanup.py::test_readmes_and_commands_do_not_advertise_deleted_current_entries
============ 5 failed, 526 passed, 24 warnings in 75.52s (0:01:15) =============
