============================= test session starts ==============================
platform linux -- Python 3.13.11, pytest-9.0.2, pluggy-1.5.0
rootdir: /home/liubx25/Ni_Research/Projects/Casimir_Torque_of_LNO327
configfile: pyproject.toml
collected 39 items

tests/test_finite_q_validation_model_adapter.py ......                   [ 15%]
tests/test_symmetry_bdg_2band_spec.py ....                               [ 25%]
tests/test_symmetry_bdg_2band_model.py .........                         [ 48%]
tests/test_symmetry_bdg_2band_peierls.py ...........                     [ 76%]
tests/test_response_workspace_finite_q_bdg.py .....                      [ 89%]
tests/test_response_workspace_normal_density_current.py ..               [ 94%]
tests/test_validation_workspace_smoke.py ..                              [100%]

=============================== warnings summary ===============================
tests/test_validation_workspace_smoke.py::test_validation_can_reuse_finite_q_bdg_workspace_without_outputs
  /home/liubx25/Ni_Research/Projects/Casimir_Torque_of_LNO327/src/lno327/response/finite_q_bdg.py:1005: RuntimeWarning: Global phase correction skipped because |K_theta_theta|=2.764e-06 is below threshold 1.000e-02.
    return _assemble_finite_q_components_from_workspace(workspace, eval_config)

tests/test_validation_workspace_smoke.py::test_validation_can_reuse_finite_q_bdg_workspace_without_outputs
  /home/liubx25/Ni_Research/Projects/Casimir_Torque_of_LNO327/src/lno327/response/finite_q_bdg.py:1005: RuntimeWarning: Global phase correction skipped because |K_theta_theta|=1.640e-05 is below threshold 1.000e-02.
    return _assemble_finite_q_components_from_workspace(workspace, eval_config)

-- Docs: https://docs.pytest.org/en/stable/how-to/capture-warnings.html
======================== 39 passed, 2 warnings in 1.25s ========================
